<?xml version="1.0" encoding="UTF-8"?>
<!-- Generated by org.testng.reporters.JUnitReportReporter -->
<testsuite hostname="hariszafar-lt" failures="0" tests="6" name="api.test.UserTests" time="12.528" errors="0" timestamp="2024-02-27T00:26:58 PKT" skipped="0">
  <testcase classname="api.test.UserTests" name="testPostUser" time="4.199"/>
  <system-out/>
  <testcase classname="api.test.UserTests" name="testGetUserByName" time="1.658"/>
  <system-out/>
  <testcase classname="api.test.UserTests" name="testLoginUser" time="1.377"/>
  <system-out/>
  <testcase classname="api.test.UserTests" name="testUpdateUserByName" time="2.967"/>
  <system-out/>
  <testcase classname="api.test.UserTests" name="testDeleteUserByName" time="1.163"/>
  <system-out/>
  <testcase classname="api.test.UserTests" name="testLogoutUser" time="1.164"/>
  <system-out/>
</testsuite> <!-- api.test.UserTests -->
