<?xml version="1.0" encoding="UTF-8"?>
<!-- Generated by org.testng.reporters.JUnitReportReporter -->
<testsuite hostname="hariszafar-lt" failures="0" tests="6" name="api.utilities.DDTests" time="11.709" errors="0" timestamp="2024-02-27T00:20:06 PKT" skipped="0">
  <testcase classname="api.utilities.DDTests" name="testPostUser" time="1.523"/>
  <system-out/>
  <testcase classname="api.utilities.DDTests" name="testPostUser" time="1.545"/>
  <system-out/>
  <testcase classname="api.utilities.DDTests" name="testPostUser" time="4.169"/>
  <system-out/>
  <testcase classname="api.utilities.DDTests" name="testDeleteUserByName" time="1.347"/>
  <system-out/>
  <testcase classname="api.utilities.DDTests" name="testDeleteUserByName" time="1.606"/>
  <system-out/>
  <testcase classname="api.utilities.DDTests" name="testDeleteUserByName" time="1.519"/>
  <system-out/>
</testsuite> <!-- api.utilities.DDTests -->
