<?xml version="1.0" encoding="UTF-8"?>
<!-- Generated by org.testng.reporters.JUnitReportReporter -->
<testsuite hostname="hariszafar-lt" failures="0" tests="4" name="api.test.UserTests2" time="9.856" errors="0" timestamp="2024-02-27T19:51:43 PKT" skipped="0">
  <testcase classname="api.test.UserTests2" name="testPostUser" time="5.283"/>
  <system-out/>
  <testcase classname="api.test.UserTests2" name="testGetUserByName" time="1.158"/>
  <system-out/>
  <testcase classname="api.test.UserTests2" name="testUpdateUserByName" time="2.290"/>
  <system-out/>
  <testcase classname="api.test.UserTests2" name="testDeleteUserByName" time="1.125"/>
  <system-out/>
</testsuite> <!-- api.test.UserTests2 -->
