<?xml version="1.0" encoding="UTF-8"?>
<!-- Generated by org.testng.reporters.JUnitReportReporter -->
<testsuite hostname="hariszafar-lt" failures="0" tests="4" name="api.test.UserTests2" time="11.791" errors="0" timestamp="2024-02-27T23:12:38 PKT" skipped="0">
  <testcase classname="api.test.UserTests2" name="testPostUser" time="5.417"/>
  <system-out/>
  <testcase classname="api.test.UserTests2" name="testGetUserByName" time="1.579"/>
  <system-out/>
  <testcase classname="api.test.UserTests2" name="testUpdateUserByName" time="3.181"/>
  <system-out/>
  <testcase classname="api.test.UserTests2" name="testDeleteUserByName" time="1.614"/>
  <system-out/>
</testsuite> <!-- api.test.UserTests2 -->
